2024-03-19 09:05:05 error uncaughtException: _logger.default.error is not a function
TypeError: _logger.default.error is not a function
    at connectSocket (/home/tdps/qsys/socket/index.js:23:12)
    at Object.<anonymous> (/home/tdps/qsys/app.js:3:14)
    at Module._compile (node:internal/modules/cjs/loader:1376:14)
    at Module._compile (/home/tdps/qsys/node_modules/pirates/lib/index.js:117:24)
    at Module._extensions..js (node:internal/modules/cjs/loader:1435:10)
    at Object.newLoader [as .js] (/home/tdps/qsys/node_modules/pirates/lib/index.js:121:7)
    at Module.load (node:internal/modules/cjs/loader:1207:32)
    at Function.Module._load (node:internal/modules/cjs/loader:1023:12)
    at Function.runMain (node:internal/modules/run_main:135:12)
    at Object.<anonymous> (/home/tdps/qsys/node_modules/@babel/node/src/_babel-node.ts:222:12)
    at Module._compile (node:internal/modules/cjs/loader:1376:14)
    at Object.Module._extensions..js (node:internal/modules/cjs/loader:1435:10)
    at Module.load (node:internal/modules/cjs/loader:1207:32)
    at Function.Module._load (node:internal/modules/cjs/loader:1023:12)
    at Function.executeUserEntryPoint [as runMain] (node:internal/modules/run_main:135:12)
    at node:internal/main/run_main_module:28:49
2024-03-19 09:05:17 error uncaughtException: _logger.default.error is not a function
TypeError: _logger.default.error is not a function
    at connectSocket (/home/tdps/qsys/socket/index.js:23:12)
    at Object.<anonymous> (/home/tdps/qsys/app.js:3:14)
    at Module._compile (node:internal/modules/cjs/loader:1376:14)
    at Module._compile (/home/tdps/qsys/node_modules/pirates/lib/index.js:117:24)
    at Module._extensions..js (node:internal/modules/cjs/loader:1435:10)
    at Object.newLoader [as .js] (/home/tdps/qsys/node_modules/pirates/lib/index.js:121:7)
    at Module.load (node:internal/modules/cjs/loader:1207:32)
    at Function.Module._load (node:internal/modules/cjs/loader:1023:12)
    at Function.runMain (node:internal/modules/run_main:135:12)
    at Object.<anonymous> (/home/tdps/qsys/node_modules/@babel/node/src/_babel-node.ts:222:12)
    at Module._compile (node:internal/modules/cjs/loader:1376:14)
    at Object.Module._extensions..js (node:internal/modules/cjs/loader:1435:10)
    at Module.load (node:internal/modules/cjs/loader:1207:32)
    at Function.Module._load (node:internal/modules/cjs/loader:1023:12)
    at Function.executeUserEntryPoint [as runMain] (node:internal/modules/run_main:135:12)
    at node:internal/main/run_main_module:28:49
2024-03-19 09:05:28 error uncaughtException: _logger.default.error is not a function
TypeError: _logger.default.error is not a function
    at connectSocket (/home/tdps/qsys/socket/index.js:23:12)
    at Object.<anonymous> (/home/tdps/qsys/app.js:3:14)
    at Module._compile (node:internal/modules/cjs/loader:1376:14)
    at Module._compile (/home/tdps/qsys/node_modules/pirates/lib/index.js:117:24)
    at Module._extensions..js (node:internal/modules/cjs/loader:1435:10)
    at Object.newLoader [as .js] (/home/tdps/qsys/node_modules/pirates/lib/index.js:121:7)
    at Module.load (node:internal/modules/cjs/loader:1207:32)
    at Function.Module._load (node:internal/modules/cjs/loader:1023:12)
    at Function.runMain (node:internal/modules/run_main:135:12)
    at Object.<anonymous> (/home/tdps/qsys/node_modules/@babel/node/src/_babel-node.ts:222:12)
    at Module._compile (node:internal/modules/cjs/loader:1376:14)
    at Object.Module._extensions..js (node:internal/modules/cjs/loader:1435:10)
    at Module.load (node:internal/modules/cjs/loader:1207:32)
    at Function.Module._load (node:internal/modules/cjs/loader:1023:12)
    at Function.executeUserEntryPoint [as runMain] (node:internal/modules/run_main:135:12)
    at node:internal/main/run_main_module:28:49
2024-03-19 16:34:07 error uncaughtException: Cannot read properties of undefined (reading 'info')
TypeError: Cannot read properties of undefined (reading 'info')
    at Qrc.<anonymous> (/home/tdps/qsys/qsys/index.js:38:14)
    at Qrc.emit (node:events:518:28)
    at Qrc.emit (node:domain:488:12)
    at Socket.<anonymous> (/home/tdps/qsys/qsys/qrc/index.js:26:12)
    at Socket.emit (node:events:530:35)
    at Socket.emit (node:domain:488:12)
    at TCPConnectWrap.afterConnect [as oncomplete] (node:net:1580:10)
2024-03-19 16:34:07 error uncaughtException: Cannot read properties of undefined (reading 'info')
TypeError: Cannot read properties of undefined (reading 'info')
    at Qrc.<anonymous> (/home/tdps/qsys/qsys/index.js:38:14)
    at Qrc.emit (node:events:518:28)
    at Qrc.emit (node:domain:488:12)
    at Socket.<anonymous> (/home/tdps/qsys/qsys/qrc/index.js:26:12)
    at Socket.emit (node:events:530:35)
    at Socket.emit (node:domain:488:12)
    at TCPConnectWrap.afterConnect [as oncomplete] (node:net:1580:10)
2024-03-19 16:34:31 error uncaughtException: Cannot read properties of undefined (reading 'info')
TypeError: Cannot read properties of undefined (reading 'info')
    at Qrc.<anonymous> (/home/tdps/qsys/qsys/index.js:38:14)
    at Qrc.emit (node:events:518:28)
    at Qrc.emit (node:domain:488:12)
    at Socket.<anonymous> (/home/tdps/qsys/qsys/qrc/index.js:26:12)
    at Socket.emit (node:events:530:35)
    at Socket.emit (node:domain:488:12)
    at TCPConnectWrap.afterConnect [as oncomplete] (node:net:1580:10)
2024-03-19 16:34:31 error uncaughtException: Cannot read properties of undefined (reading 'info')
TypeError: Cannot read properties of undefined (reading 'info')
    at Qrc.<anonymous> (/home/tdps/qsys/qsys/index.js:38:14)
    at Qrc.emit (node:events:518:28)
    at Qrc.emit (node:domain:488:12)
    at Socket.<anonymous> (/home/tdps/qsys/qsys/qrc/index.js:26:12)
    at Socket.emit (node:events:530:35)
    at Socket.emit (node:domain:488:12)
    at TCPConnectWrap.afterConnect [as oncomplete] (node:net:1580:10)
2024-03-19 17:33:39 error uncaughtException: /home/tdps/qsys/qsys/index.js: Unexpected token, expected "," (50:4)

[0m [90m 48 |[39m       console[33m.[39mlog((data))[0m
[0m [90m 49 |[39m     }[0m
[0m[31m[1m>[22m[39m[90m 50 |[39m     qsysObj[deviceId][33m.[39mconnect()[0m
[0m [90m    |[39m     [31m[1m^[22m[39m[0m
[0m [90m 51 |[39m   } [36mcatch[39m (error) {[0m
[0m [90m 52 |[39m     logger[33m.[39merror([32m`Add Qsys device error ${error}`[39m)[0m
[0m [90m 53 |[39m   }[0m
SyntaxError: /home/tdps/qsys/qsys/index.js: Unexpected token, expected "," (50:4)

[0m [90m 48 |[39m       console[33m.[39mlog((data))[0m
[0m [90m 49 |[39m     }[0m
[0m[31m[1m>[22m[39m[90m 50 |[39m     qsysObj[deviceId][33m.[39mconnect()[0m
[0m [90m    |[39m     [31m[1m^[22m[39m[0m
[0m [90m 51 |[39m   } [36mcatch[39m (error) {[0m
[0m [90m 52 |[39m     logger[33m.[39merror([32m`Add Qsys device error ${error}`[39m)[0m
[0m [90m 53 |[39m   }[0m
    at toParseError (/home/tdps/qsys/node_modules/@babel/parser/src/parse-error.ts:74:19)
    at Parser.raise (/home/tdps/qsys/node_modules/@babel/parser/src/tokenizer/index.ts:1487:19)
    at Parser.unexpected (/home/tdps/qsys/node_modules/@babel/parser/src/tokenizer/index.ts:1527:16)
    at Parser.expect (/home/tdps/qsys/node_modules/@babel/parser/src/parser/util.ts:148:28)
    at Parser.parseCallExpressionArguments (/home/tdps/qsys/node_modules/@babel/parser/src/parser/expression.ts:1013:14)
    at Parser.parseCoverCallAndAsyncArrowHead (/home/tdps/qsys/node_modules/@babel/parser/src/parser/expression.ts:877:29)
    at Parser.parseSubscript (/home/tdps/qsys/node_modules/@babel/parser/src/parser/expression.ts:766:19)
    at Parser.parseSubscripts (/home/tdps/qsys/node_modules/@babel/parser/src/parser/expression.ts:724:19)
    at Parser.parseExprSubscripts (/home/tdps/qsys/node_modules/@babel/parser/src/parser/expression.ts:709:17)
    at Parser.parseUpdate (/home/tdps/qsys/node_modules/@babel/parser/src/parser/expression.ts:680:21)
    at Parser.parseMaybeUnary (/home/tdps/qsys/node_modules/@babel/parser/src/parser/expression.ts:642:23)
    at Parser.parseMaybeUnaryOrPrivate (/home/tdps/qsys/node_modules/@babel/parser/src/parser/expression.ts:385:14)
    at Parser.parseExprOps (/home/tdps/qsys/node_modules/@babel/parser/src/parser/expression.ts:397:23)
    at Parser.parseMaybeConditional (/home/tdps/qsys/node_modules/@babel/parser/src/parser/expression.ts:352:23)
    at Parser.parseMaybeAssign (/home/tdps/qsys/node_modules/@babel/parser/src/parser/expression.ts:292:21)
    at Parser.parseExpressionBase (/home/tdps/qsys/node_modules/@babel/parser/src/parser/expression.ts:215:23)
    at callback (/home/tdps/qsys/node_modules/@babel/parser/src/parser/expression.ts:206:39)
    at Parser.allowInAnd (/home/tdps/qsys/node_modules/@babel/parser/src/parser/expression.ts:3107:16)
    at Parser.parseExpression (/home/tdps/qsys/node_modules/@babel/parser/src/parser/expression.ts:206:17)
    at Parser.parseStatementContent (/home/tdps/qsys/node_modules/@babel/parser/src/parser/statement.ts:636:23)
    at Parser.parseStatementLike (/home/tdps/qsys/node_modules/@babel/parser/src/parser/statement.ts:417:17)
    at Parser.parseStatementListItem (/home/tdps/qsys/node_modules/@babel/parser/src/parser/statement.ts:366:17)
    at Parser.parseBlockOrModuleBlockBody (/home/tdps/qsys/node_modules/@babel/parser/src/parser/statement.ts:1386:16)
    at Parser.parseBlockBody (/home/tdps/qsys/node_modules/@babel/parser/src/parser/statement.ts:1359:10)
    at Parser.parseBlock (/home/tdps/qsys/node_modules/@babel/parser/src/parser/statement.ts:1327:10)
    at Parser.parseTryStatement (/home/tdps/qsys/node_modules/@babel/parser/src/parser/statement.ts:1147:23)
    at Parser.parseStatementContent (/home/tdps/qsys/node_modules/@babel/parser/src/parser/statement.ts:484:21)
    at Parser.parseStatementLike (/home/tdps/qsys/node_modules/@babel/parser/src/parser/statement.ts:417:17)
    at Parser.parseStatementListItem (/home/tdps/qsys/node_modules/@babel/parser/src/parser/statement.ts:366:17)
    at Parser.parseBlockOrModuleBlockBody (/home/tdps/qsys/node_modules/@babel/parser/src/parser/statement.ts:1386:16)
    at Parser.parseBlockBody (/home/tdps/qsys/node_modules/@babel/parser/src/parser/statement.ts:1359:10)
    at Parser.parseBlock (/home/tdps/qsys/node_modules/@babel/parser/src/parser/statement.ts:1327:10)
    at Parser.parseFunctionBody (/home/tdps/qsys/node_modules/@babel/parser/src/parser/expression.ts:2572:24)
    at Parser.parseArrowExpression (/home/tdps/qsys/node_modules/@babel/parser/src/parser/expression.ts:2515:10)
    at Parser.parseParenAndDistinguishExpression (/home/tdps/qsys/node_modules/@babel/parser/src/parser/expression.ts:1818:12)
    at Parser.parseExprAtom (/home/tdps/qsys/node_modules/@babel/parser/src/parser/expression.ts:1159:21)
    at Parser.parseExprSubscripts (/home/tdps/qsys/node_modules/@babel/parser/src/parser/expression.ts:703:23)
    at Parser.parseUpdate (/home/tdps/qsys/node_modules/@babel/parser/src/parser/expression.ts:680:21)
    at Parser.parseMaybeUnary (/home/tdps/qsys/node_modules/@babel/parser/src/parser/expression.ts:642:23)
    at Parser.parseMaybeUnaryOrPrivate (/home/tdps/qsys/node_modules/@babel/parser/src/parser/expression.ts:385:14)
    at Parser.parseExprOps (/home/tdps/qsys/node_modules/@babel/parser/src/parser/expression.ts:397:23)
    at Parser.parseMaybeConditional (/home/tdps/qsys/node_modules/@babel/parser/src/parser/expression.ts:352:23)
    at Parser.parseMaybeAssign (/home/tdps/qsys/node_modules/@babel/parser/src/parser/expression.ts:292:21)
    at callback (/home/tdps/qsys/node_modules/@babel/parser/src/parser/expression.ts:246:12)
    at Parser.allowInAnd (/home/tdps/qsys/node_modules/@babel/parser/src/parser/expression.ts:3107:16)
    at Parser.parseMaybeAssignAllowIn (/home/tdps/qsys/node_modules/@babel/parser/src/parser/expression.ts:245:17)
    at Parser.parseVar (/home/tdps/qsys/node_modules/@babel/parser/src/parser/statement.ts:1529:18)
    at Parser.parseVarStatement (/home/tdps/qsys/node_modules/@babel/parser/src/parser/statement.ts:1193:10)
    at Parser.parseStatementContent (/home/tdps/qsys/node_modules/@babel/parser/src/parser/statement.ts:546:21)
    at Parser.parseStatementLike (/home/tdps/qsys/node_modules/@babel/parser/src/parser/statement.ts:417:17)
